<?xml version="1.0" encoding="UTF-8"?>
<!-- Generated by org.testng.reporters.JUnitXMLReporter -->
<testsuite ignored="0" hostname="DESKTOP-EDB1SR6" failures="0" tests="6" name="Test" time="0.107" errors="0" timestamp="2021-03-07T16:53:23 IST">
  <testcase classname="nadeemlateef.com.AppiumTest" name="IOSApp" time="0.011"/>
  <testcase classname="nadeemlateef.com.AppiumTest" name="NativeAppAndroid" time="0.001"/>
  <testcase classname="nadeemlateef.com.SeleniumTest" name="BrowserAutomation" time="0.001"/>
  <testcase classname="nadeemlateef.com.SeleniumTest" name="elementUI" time="0.001"/>
  <testcase classname="nadeemlateef.com.RetsAPITest" name="PostJira" time="0.001"/>
  <testcase classname="nadeemlateef.com.RetsAPITest" name="deleteTwitter" time="0.001"/>
</testsuite> <!-- Test -->
