<?xml version="1.0" encoding="UTF-8"?>
<testng-results ignored="0" total="2" passed="2" failed="0" skipped="0">
  <reporter-output>
  </reporter-output>
  <suite started-at="2021-06-15T20:23:47 IST" name="Suite" finished-at="2021-06-15T20:23:47 IST" duration-ms="37">
    <groups>
    </groups>
    <test started-at="2021-06-15T20:23:47 IST" name="Test" finished-at="2021-06-15T20:23:47 IST" duration-ms="37">
      <class name="nadeemlateef.com.AppiumTest">
        <test-method signature="IOSApp()[pri:0, instance:nadeemlateef.com.AppiumTest@2b4bac49]" started-at="2021-06-15T20:23:47 IST" name="IOSApp" finished-at="2021-06-15T20:23:47 IST" duration-ms="4" status="PASS">
          <reporter-output>
          </reporter-output>
        </test-method> <!-- IOSApp -->
        <test-method signature="NativeAppAndroid()[pri:0, instance:nadeemlateef.com.AppiumTest@2b4bac49]" started-at="2021-06-15T20:23:47 IST" name="NativeAppAndroid" finished-at="2021-06-15T20:23:47 IST" duration-ms="1" status="PASS">
          <reporter-output>
          </reporter-output>
        </test-method> <!-- NativeAppAndroid -->
      </class> <!-- nadeemlateef.com.AppiumTest -->
    </test> <!-- Test -->
  </suite> <!-- Suite -->
</testng-results>
