<?xml version="1.0" encoding="UTF-8"?>
<testng-results ignored="0" total="6" passed="6" failed="0" skipped="0">
  <reporter-output>
  </reporter-output>
  <suite started-at="2021-03-07T16:53:23 IST" name="Suite" finished-at="2021-03-07T16:53:23 IST" duration-ms="107">
    <groups>
    </groups>
    <test started-at="2021-03-07T16:53:23 IST" name="Test" finished-at="2021-03-07T16:53:23 IST" duration-ms="107">
      <class name="nadeemlateef.com.SeleniumTest">
        <test-method signature="BrowserAutomation()[pri:0, instance:nadeemlateef.com.SeleniumTest@d6e7bab]" started-at="2021-03-07T16:53:23 IST" name="BrowserAutomation" finished-at="2021-03-07T16:53:23 IST" duration-ms="1" status="PASS">
          <reporter-output>
          </reporter-output>
        </test-method> <!-- BrowserAutomation -->
        <test-method signature="elementUI()[pri:0, instance:nadeemlateef.com.SeleniumTest@d6e7bab]" started-at="2021-03-07T16:53:23 IST" name="elementUI" finished-at="2021-03-07T16:53:23 IST" duration-ms="1" status="PASS">
          <reporter-output>
          </reporter-output>
        </test-method> <!-- elementUI -->
      </class> <!-- nadeemlateef.com.SeleniumTest -->
      <class name="nadeemlateef.com.AppiumTest">
        <test-method signature="IOSApp()[pri:0, instance:nadeemlateef.com.AppiumTest@3315d2d7]" started-at="2021-03-07T16:53:23 IST" name="IOSApp" finished-at="2021-03-07T16:53:23 IST" duration-ms="11" status="PASS">
          <reporter-output>
          </reporter-output>
        </test-method> <!-- IOSApp -->
        <test-method signature="NativeAppAndroid()[pri:0, instance:nadeemlateef.com.AppiumTest@3315d2d7]" started-at="2021-03-07T16:53:23 IST" name="NativeAppAndroid" finished-at="2021-03-07T16:53:23 IST" duration-ms="1" status="PASS">
          <reporter-output>
          </reporter-output>
        </test-method> <!-- NativeAppAndroid -->
      </class> <!-- nadeemlateef.com.AppiumTest -->
      <class name="nadeemlateef.com.RetsAPITest">
        <test-method signature="PostJira()[pri:0, instance:nadeemlateef.com.RetsAPITest@5fa07e12]" started-at="2021-03-07T16:53:23 IST" name="PostJira" finished-at="2021-03-07T16:53:23 IST" duration-ms="1" status="PASS">
          <reporter-output>
          </reporter-output>
        </test-method> <!-- PostJira -->
        <test-method signature="deleteTwitter()[pri:0, instance:nadeemlateef.com.RetsAPITest@5fa07e12]" started-at="2021-03-07T16:53:23 IST" name="deleteTwitter" finished-at="2021-03-07T16:53:23 IST" duration-ms="1" status="PASS">
          <reporter-output>
          </reporter-output>
        </test-method> <!-- deleteTwitter -->
      </class> <!-- nadeemlateef.com.RetsAPITest -->
    </test> <!-- Test -->
  </suite> <!-- Suite -->
</testng-results>
